<?xml version="1.0" encoding="UTF-8"?>
<!-- Generated by org.testng.reporters.JUnitReportReporter -->
<testsuite hostname="LAPTOP-1ES659O6" failures="0" tests="6" name="com.qa.testcases.Test_CreateNewContact" time="103.511" errors="0" timestamp="2022-06-24T12:22:00 IST" skipped="0">
  <testcase classname="com.qa.testcases.Test_CreateNewContact" name="newcontacts_save_flow" time="12.873"/>
  <system-out/>
  <testcase classname="com.qa.testcases.Test_CreateNewContact" name="newcontacts_save_flow" time="28.383"/>
  <system-out/>
  <testcase classname="com.qa.testcases.Test_CreateNewContact" name="newcontacts_save_flow" time="15.316"/>
  <system-out/>
  <testcase classname="com.qa.testcases.Test_CreateNewContact" name="newcontacts_save_flow" time="15.059"/>
  <system-out/>
  <testcase classname="com.qa.testcases.Test_CreateNewContact" name="newcontacts_save_flow" time="15.953"/>
  <system-out/>
  <testcase classname="com.qa.testcases.Test_CreateNewContact" name="newcontacts_save_flow" time="15.927"/>
  <system-out/>
</testsuite> <!-- com.qa.testcases.Test_CreateNewContact -->
